<?xml version="1.0" encoding="UTF-8"?>
<testsuite xmlns:xsi="http://www.w3.org/2001/XMLSchema-instance" xsi:noNamespaceSchemaLocation="https://maven.apache.org/surefire/maven-surefire-plugin/xsd/surefire-test-report-3.0.xsd" version="3.0" name="lesson_7_junit_5.ArithmeticTest" time="0.066" tests="12" errors="0" skipped="0" failures="0">
  <properties>
[...]
</properties>
  <testcase name="restTriangleAreaInvalid" classname="lesson_7_junit_5.ArithmeticTest" time="0.021"/>
  <testcase name="testCompareLess" classname="lesson_7_junit_5.ArithmeticTest" time="0.007">
    <system-out><![CDATA[5 < 10
]]></system-out>
  </testcase>
  <testcase name="testfactorial1" classname="lesson_7_junit_5.ArithmeticTest" time="0.001"/>
  <testcase name="testFactorial20" classname="lesson_7_junit_5.ArithmeticTest" time="0.001"/>
  <testcase name="testCompareGreater" classname="lesson_7_junit_5.ArithmeticTest" time="0.001">
    <system-out><![CDATA[10 > 5
]]></system-out>
  </testcase>
  <testcase name="testTriangleArea1" classname="lesson_7_junit_5.ArithmeticTest" time="0.001"/>
  <testcase name="testTriangleArea2" classname="lesson_7_junit_5.ArithmeticTest" time="0.001"/>
  <testcase name="testArithmetic1" classname="lesson_7_junit_5.ArithmeticTest" time="0.001"/>
  <testcase name="testArithmetic2" classname="lesson_7_junit_5.ArithmeticTest" time="0.001"/>
  <testcase name="testFactorial0" classname="lesson_7_junit_5.ArithmeticTest" time="0.001"/>
  <testcase name="testCompareEqual" classname="lesson_7_junit_5.ArithmeticTest" time="0.001">
    <system-out><![CDATA[10 = 10
]]></system-out>
  </testcase>
  <testcase name="testFactorialNegative" classname="lesson_7_junit_5.ArithmeticTest" time="0.002"/>
</testsuite>